# JRE version: OpenJDK Runtime Environment Corretto-17.0.9.8.1 (17.0.9+8) (build 17.0.9+8-LTS)
# Java VM: OpenJDK 64-Bit Server VM Corretto-17.0.9.8.1 (17.0.9+8-LTS, mixed mode, emulated-client, sharing, tiered, compressed oops, compressed class ptrs, g1 gc, windows-amd64)
GC Precious Log:
 CPUs: 8 total, 8 available
 Memory: 8045M
 Large Page Support: Disabled
 NUMA Support: Disabled
 Compressed Oops: Enabled (32-bit)
 Heap Region Size: 1M
 Heap Min Capacity: 8M
 Heap Initial Capacity: 126M
 Heap Max Capacity: 2012M
 Pre-touch: Disabled
 Parallel Workers: 8
 Concurrent Workers: 2
 Concurrent Refinement Workers: 8
 Periodic GC: Disabled
Heap:
 garbage-first heap   total 55296K, used 24025K [0x0000000082400000, 0x0000000100000000)
  region size 1024K, 2 young (2048K), 2 survivors (2048K)
 Metaspace       used 45115K, committed 45632K, reserved 1114112K
  class space    used 6361K, committed 6592K, reserved 1048576K
GC Heap History (20 events):
Event: 10.814 GC heap after
{Heap after GC invocations=3 (full 0):
 garbage-first heap   total 129024K, used 14000K [0x0000000082400000, 0x0000000100000000)
  region size 1024K, 6 young (6144K), 6 survivors (6144K)
 Metaspace       used 20470K, committed 20672K, reserved 1114112K
  class space    used 2791K, committed 2880K, reserved 1048576K
}
Event: 11.168 GC heap before
{Heap before GC invocations=3 (full 0):
 garbage-first heap   total 129024K, used 29360K [0x0000000082400000, 0x0000000100000000)
  region size 1024K, 22 young (22528K), 6 survivors (6144K)
 Metaspace       used 21321K, committed 21504K, reserved 1114112K
  class space    used 2928K, committed 3008K, reserved 1048576K
}
Event: 11.176 GC heap after
{Heap after GC invocations=4 (full 0):
 garbage-first heap   total 129024K, used 14890K [0x0000000082400000, 0x0000000100000000)
  region size 1024K, 5 young (5120K), 5 survivors (5120K)
 Metaspace       used 21321K, committed 21504K, reserved 1114112K
  class space    used 2928K, committed 3008K, reserved 1048576K
}
Event: 11.789 GC heap before
{Heap before GC invocations=5 (full 0):
 garbage-first heap   total 55296K, used 41514K [0x0000000082400000, 0x0000000100000000)
  region size 1024K, 32 young (32768K), 5 survivors (5120K)
 Metaspace       used 24626K, committed 25024K, reserved 1114112K
  class space    used 3443K, committed 3648K, reserved 1048576K
}
Event: 11.796 GC heap after
{Heap after GC invocations=6 (full 0):
 garbage-first heap   total 55296K, used 16661K [0x0000000082400000, 0x0000000100000000)
  region size 1024K, 4 young (4096K), 4 survivors (4096K)
 Metaspace       used 24626K, committed 25024K, reserved 1114112K
  class space    used 3443K, committed 3648K, reserved 1048576K
}
Event: 11.819 GC heap before
{Heap before GC invocations=6 (full 0):
 garbage-first heap   total 55296K, used 17685K [0x0000000082400000, 0x0000000100000000)
  region size 1024K, 5 young (5120K), 4 survivors (4096K)
 Metaspace       used 24821K, committed 25216K, reserved 1114112K
  class space    used 3473K, committed 3648K, reserved 1048576K
}
Event: 11.824 GC heap after
{Heap after GC invocations=7 (full 0):
 garbage-first heap   total 55296K, used 17032K [0x0000000082400000, 0x0000000100000000)
  region size 1024K, 1 young (1024K), 1 survivors (1024K)
 Metaspace       used 24821K, committed 25216K, reserved 1114112K
  class space    used 3473K, committed 3648K, reserved 1048576K
}
Event: 12.436 GC heap before
{Heap before GC invocations=7 (full 0):
 garbage-first heap   total 55296K, used 38536K [0x0000000082400000, 0x0000000100000000)
  region size 1024K, 22 young (22528K), 1 survivors (1024K)
 Metaspace       used 27989K, committed 28352K, reserved 1114112K
  class space    used 4009K, committed 4160K, reserved 1048576K
}
Event: 12.441 GC heap after
{Heap after GC invocations=8 (full 0):
 garbage-first heap   total 55296K, used 18686K [0x0000000082400000, 0x0000000100000000)
  region size 1024K, 3 young (3072K), 3 survivors (3072K)
 Metaspace       used 27989K, committed 28352K, reserved 1114112K
  class space    used 4009K, committed 4160K, reserved 1048576K
}
Event: 13.128 GC heap before
{Heap before GC invocations=8 (full 0):
 garbage-first heap   total 55296K, used 39166K [0x0000000082400000, 0x0000000100000000)
  region size 1024K, 23 young (23552K), 3 survivors (3072K)
 Metaspace       used 30533K, committed 30912K, reserved 1114112K
  class space    used 4310K, committed 4480K, reserved 1048576K
}
Event: 13.134 GC heap after
{Heap after GC invocations=9 (full 0):
 garbage-first heap   total 55296K, used 20439K [0x0000000082400000, 0x0000000100000000)
  region size 1024K, 2 young (2048K), 2 survivors (2048K)
 Metaspace       used 30533K, committed 30912K, reserved 1114112K
  class space    used 4310K, committed 4480K, reserved 1048576K
}
Event: 13.681 GC heap before
{Heap before GC invocations=9 (full 0):
 garbage-first heap   total 55296K, used 39895K [0x0000000082400000, 0x0000000100000000)
  region size 1024K, 21 young (21504K), 2 survivors (2048K)
 Metaspace       used 34124K, committed 34624K, reserved 1114112K
  class space    used 4826K, committed 5056K, reserved 1048576K
}
Event: 13.686 GC heap after
{Heap after GC invocations=10 (full 0):
 garbage-first heap   total 55296K, used 21427K [0x0000000082400000, 0x0000000100000000)
  region size 1024K, 2 young (2048K), 2 survivors (2048K)
 Metaspace       used 34124K, committed 34624K, reserved 1114112K
  class space    used 4826K, committed 5056K, reserved 1048576K
}
Event: 13.866 GC heap before
{Heap before GC invocations=10 (full 0):
 garbage-first heap   total 55296K, used 27571K [0x0000000082400000, 0x0000000100000000)
  region size 1024K, 9 young (9216K), 2 survivors (2048K)
 Metaspace       used 35742K, committed 36160K, reserved 1114112K
  class space    used 5085K, committed 5248K, reserved 1048576K
}
Event: 13.868 GC heap after
{Heap after GC invocations=11 (full 0):
 garbage-first heap   total 55296K, used 21710K [0x0000000082400000, 0x0000000100000000)
  region size 1024K, 2 young (2048K), 2 survivors (2048K)
 Metaspace       used 35742K, committed 36160K, reserved 1114112K
  class space    used 5085K, committed 5248K, reserved 1048576K
}
Event: 14.727 GC heap before
{Heap before GC invocations=12 (full 0):
 garbage-first heap   total 55296K, used 41166K [0x0000000082400000, 0x0000000100000000)
  region size 1024K, 22 young (22528K), 2 survivors (2048K)
 Metaspace       used 41436K, committed 41920K, reserved 1114112K
  class space    used 5868K, committed 6144K, reserved 1048576K
}
Event: 14.732 GC heap after
{Heap after GC invocations=13 (full 0):
 garbage-first heap   total 55296K, used 22967K [0x0000000082400000, 0x0000000100000000)
  region size 1024K, 3 young (3072K), 3 survivors (3072K)
 Metaspace       used 41436K, committed 41920K, reserved 1114112K
  class space    used 5868K, committed 6144K, reserved 1048576K
}
Event: 14.773 GC heap before
{Heap before GC invocations=13 (full 0):
 garbage-first heap   total 55296K, used 23991K [0x0000000082400000, 0x0000000100000000)
  region size 1024K, 4 young (4096K), 3 survivors (3072K)
 Metaspace       used 41708K, committed 42176K, reserved 1114112K
  class space    used 5908K, committed 6144K, reserved 1048576K
}
Event: 14.777 GC heap after
{Heap after GC invocations=14 (full 0):
 garbage-first heap   total 55296K, used 22820K [0x0000000082400000, 0x0000000100000000)
  region size 1024K, 1 young (1024K), 1 survivors (1024K)
 Metaspace       used 41708K, committed 42176K, reserved 1114112K
  class space    used 5908K, committed 6144K, reserved 1048576K
}
Event: 15.319 GC heap before
{Heap before GC invocations=14 (full 0):
 garbage-first heap   total 55296K, used 42276K [0x0000000082400000, 0x0000000100000000)
  region size 1024K, 20 young (20480K), 1 survivors (1024K)
 Metaspace       used 45115K, committed 45632K, reserved 1114112K
  class space    used 6361K, committed 6592K, reserved 1048576K
}

